<?xml version="1.0" encoding="UTF-8"?>
<testng-results skipped="0" failed="0" total="1" passed="1">
  <reporter-output>
  </reporter-output>
  <suite name="Default suite" duration-ms="26032" started-at="2015-12-16T05:30:58Z" finished-at="2015-12-16T05:31:24Z">
    <groups>
    </groups>
    <test name="Default test" duration-ms="26032" started-at="2015-12-16T05:30:58Z" finished-at="2015-12-16T05:31:24Z">
      <class name="day29.AjaxAutosuggestions">
        <test-method status="PASS" signature="ajaxTest()[pri:0, instance:day29.AjaxAutosuggestions@7827aaf0]" name="ajaxTest" duration-ms="25986" started-at="2015-12-15T21:30:58Z" finished-at="2015-12-15T21:31:24Z">
          <reporter-output>
          </reporter-output>
        </test-method> <!-- ajaxTest -->
      </class> <!-- day29.AjaxAutosuggestions -->
    </test> <!-- Default test -->
  </suite> <!-- Default suite -->
</testng-results>
