<?xml version="1.0" encoding="UTF-8"?>
<!-- Generated by org.testng.reporters.JUnitXMLReporter -->
<testsuite hostname="sys" name="On firefox" tests="4" failures="0" timestamp="18 Dec 2015 04:51:14 GMT" time="127.472" errors="0">
  <testcase name="loginTest" time="44.343" classname="com.orangehrm.baseclass.Login"/>
  <testcase name="addEmployeeTest" time="68.86" classname="com.orangehrm.baseclass.AddEmployee"/>
  <testcase name="screenshotTest" time="0.091" classname="com.orangehrm.baseclass.TakingScreenshot">
    <skipped/>
  </testcase> <!-- screenshotTest -->
  <testcase name="logoutTest" time="14.085" classname="com.orangehrm.baseclass.Logout"/>
</testsuite> <!-- On firefox -->
